d:\projects\qt_projects\qtpropertybrowser\examples\extension\debug\qtpropertybrowserutils.obj
d:\projects\qt_projects\qtpropertybrowser\examples\extension\debug\qtpropertybrowser.obj
d:\projects\qt_projects\qtpropertybrowser\examples\extension\debug\qtgroupboxpropertybrowser.obj
d:\projects\qt_projects\qtpropertybrowser\examples\extension\debug\qtbuttonpropertybrowser.obj
d:\projects\qt_projects\qtpropertybrowser\examples\extension\debug\vc120.pdb
d:\projects\qt_projects\qtpropertybrowser\examples\extension\debug\qrc_qtpropertybrowser.obj
d:\projects\qt_projects\qtpropertybrowser\examples\extension\debug\moc_qtpropertybrowserutils_p.obj
d:\projects\qt_projects\qtpropertybrowser\examples\extension\debug\main.obj
d:\projects\qt_projects\qtpropertybrowser\examples\extension\debug\qttreepropertybrowser.obj
d:\projects\qt_projects\qtpropertybrowser\examples\extension\debug\qtvariantproperty.obj
d:\projects\qt_projects\qtpropertybrowser\examples\extension\debug\qtpropertymanager.obj
d:\projects\qt_projects\qtpropertybrowser\examples\extension\debug\qteditorfactory.obj
d:\projects\qt_projects\qtpropertybrowser\examples\extension\debug\qrc_qtpropertybrowser.cpp
d:\projects\qt_projects\qtpropertybrowser\examples\extension\debug\moc_qtbuttonpropertybrowser.cpp
d:\projects\qt_projects\qtpropertybrowser\examples\extension\debug\moc_qteditorfactory.cpp
d:\projects\qt_projects\qtpropertybrowser\examples\extension\debug\moc_qtgroupboxpropertybrowser.cpp
d:\projects\qt_projects\qtpropertybrowser\examples\extension\debug\moc_qtpropertybrowser.cpp
d:\projects\qt_projects\qtpropertybrowser\examples\extension\debug\moc_qtpropertybrowserutils_p.cpp
d:\projects\qt_projects\qtpropertybrowser\examples\extension\debug\moc_qtpropertymanager.cpp
d:\projects\qt_projects\qtpropertybrowser\examples\extension\debug\moc_qttreepropertybrowser.cpp
d:\projects\qt_projects\qtpropertybrowser\examples\extension\debug\moc_qtvariantproperty.cpp
d:\projects\qt_projects\qtpropertybrowser\examples\extension\debug\main.moc
d:\projects\qt_projects\qtpropertybrowser\examples\extension\debug\qteditorfactory.moc
d:\projects\qt_projects\qtpropertybrowser\examples\extension\debug\qtpropertymanager.moc
d:\projects\qt_projects\qtpropertybrowser\examples\extension\debug\qttreepropertybrowser.moc
d:\projects\qt_projects\qtpropertybrowser\examples\extension\debug\extension.ilk
d:\projects\qt_projects\qtpropertybrowser\examples\extension\debug\extension.exe
d:\projects\qt_projects\qtpropertybrowser\examples\extension\debug\extension.pdb
d:\projects\qt_projects\qtpropertybrowser\examples\extension\debug\extension.tlog\cl.command.1.tlog
d:\projects\qt_projects\qtpropertybrowser\examples\extension\debug\extension.tlog\cl.read.1.tlog
d:\projects\qt_projects\qtpropertybrowser\examples\extension\debug\extension.tlog\cl.write.1.tlog
d:\projects\qt_projects\qtpropertybrowser\examples\extension\debug\extension.tlog\extension.write.1u.tlog
d:\projects\qt_projects\qtpropertybrowser\examples\extension\debug\extension.tlog\link.command.1.tlog
d:\projects\qt_projects\qtpropertybrowser\examples\extension\debug\extension.tlog\link.read.1.tlog
d:\projects\qt_projects\qtpropertybrowser\examples\extension\debug\extension.tlog\link.write.1.tlog
d:\projects\qt_projects\qtpropertybrowser\examples\extension\debug\extension.tlog\moc.read.1u.tlog
d:\projects\qt_projects\qtpropertybrowser\examples\extension\debug\extension.tlog\moc.write.1u.tlog
d:\projects\qt_projects\qtpropertybrowser\examples\extension\debug\extension.tlog\rcc.read.1u.tlog
d:\projects\qt_projects\qtpropertybrowser\examples\extension\debug\extension.tlog\rcc.write.1u.tlog
