  Qt: Untested Windows version 10.0 detected!
  Reading Qt configuration (D:/Toolkit/Qt/Qt5.4.2/5.4/msvc2013_opengl/bin/qmake)
  Rcc'ing ..\..\src\qtpropertybrowser.qrc...
  Moc'ing ..\..\src\qtbuttonpropertybrowser.h...
  Moc'ing ..\..\src\qteditorfactory.h...
  Moc'ing ..\..\src\qtgroupboxpropertybrowser.h...
  Moc'ing ..\..\src\qtpropertybrowser.h...
   Qt: Untested Windows version 10.0 detected!
  Moc'ing ..\..\src\qtpropertybrowserutils_p.h...
   Qt: Untested Windows version 10.0 detected!
  Moc'ing ..\..\src\qtpropertymanager.h...
   Qt: Untested Windows version 10.0 detected!
  Moc'ing ..\..\src\qttreepropertybrowser.h...
   Qt: Untested Windows version 10.0 detected!
   Qt: Untested Windows version 10.0 detected!
  Moc'ing ..\..\src\qtvariantproperty.h...
   Qt: Untested Windows version 10.0 detected!
   Qt: Untested Windows version 10.0 detected!
   Qt: Untested Windows version 10.0 detected!
   Qt: Untested Windows version 10.0 detected!
  Moc'ing ..\..\src\qteditorfactory.cpp...
  Moc'ing ..\..\src\qtpropertymanager.cpp...
  Moc'ing ..\..\src\qttreepropertybrowser.cpp...
   Qt: Untested Windows version 10.0 detected!
   Qt: Untested Windows version 10.0 detected!
   Qt: Untested Windows version 10.0 detected!
  main.cpp
  qtbuttonpropertybrowser.cpp
  qtgroupboxpropertybrowser.cpp
  qtpropertybrowser.cpp
  qtpropertybrowserutils.cpp
  qtvariantproperty.cpp
  qrc_qtpropertybrowser.cpp
  moc_qtpropertybrowserutils_p.cpp
  qteditorfactory.cpp
  qtpropertymanager.cpp
  qttreepropertybrowser.cpp
  simple.vcxproj -> D:\Projects\Qt_Projects\QtPropertyBrowser\examples\simple\debug\simple.exe
