d:\projects\qt_projects\qtpropertybrowser\examples\simple\debug\main.obj
d:\projects\qt_projects\qtpropertybrowser\examples\simple\debug\qtpropertybrowserutils.obj
d:\projects\qt_projects\qtpropertybrowser\examples\simple\debug\qtpropertybrowser.obj
d:\projects\qt_projects\qtpropertybrowser\examples\simple\debug\qtbuttonpropertybrowser.obj
d:\projects\qt_projects\qtpropertybrowser\examples\simple\debug\qtgroupboxpropertybrowser.obj
d:\projects\qt_projects\qtpropertybrowser\examples\simple\debug\qttreepropertybrowser.obj
d:\projects\qt_projects\qtpropertybrowser\examples\simple\debug\qtpropertymanager.obj
d:\projects\qt_projects\qtpropertybrowser\examples\simple\debug\qtvariantproperty.obj
d:\projects\qt_projects\qtpropertybrowser\examples\simple\debug\vc120.pdb
d:\projects\qt_projects\qtpropertybrowser\examples\simple\debug\qrc_qtpropertybrowser.obj
d:\projects\qt_projects\qtpropertybrowser\examples\simple\debug\qteditorfactory.obj
d:\projects\qt_projects\qtpropertybrowser\examples\simple\debug\moc_qtpropertybrowserutils_p.obj
d:\projects\qt_projects\qtpropertybrowser\examples\simple\debug\simple.ilk
d:\projects\qt_projects\qtpropertybrowser\examples\simple\debug\simple.exe
d:\projects\qt_projects\qtpropertybrowser\examples\simple\debug\simple.pdb
d:\projects\qt_projects\qtpropertybrowser\examples\simple\debug\moc_qtbuttonpropertybrowser.cpp
d:\projects\qt_projects\qtpropertybrowser\examples\simple\debug\moc_qteditorfactory.cpp
d:\projects\qt_projects\qtpropertybrowser\examples\simple\debug\moc_qtgroupboxpropertybrowser.cpp
d:\projects\qt_projects\qtpropertybrowser\examples\simple\debug\moc_qtpropertybrowser.cpp
d:\projects\qt_projects\qtpropertybrowser\examples\simple\debug\moc_qtpropertybrowserutils_p.cpp
d:\projects\qt_projects\qtpropertybrowser\examples\simple\debug\moc_qtpropertymanager.cpp
d:\projects\qt_projects\qtpropertybrowser\examples\simple\debug\moc_qttreepropertybrowser.cpp
d:\projects\qt_projects\qtpropertybrowser\examples\simple\debug\moc_qtvariantproperty.cpp
d:\projects\qt_projects\qtpropertybrowser\examples\simple\debug\qteditorfactory.moc
d:\projects\qt_projects\qtpropertybrowser\examples\simple\debug\qtpropertymanager.moc
d:\projects\qt_projects\qtpropertybrowser\examples\simple\debug\qttreepropertybrowser.moc
d:\projects\qt_projects\qtpropertybrowser\examples\simple\debug\qrc_qtpropertybrowser.cpp
d:\projects\qt_projects\qtpropertybrowser\examples\simple\debug\vc142.pdb
d:\projects\qt_projects\qtpropertybrowser\examples\simple\debug\simple.tlog\cl.command.1.tlog
d:\projects\qt_projects\qtpropertybrowser\examples\simple\debug\simple.tlog\cl.read.1.tlog
d:\projects\qt_projects\qtpropertybrowser\examples\simple\debug\simple.tlog\cl.write.1.tlog
d:\projects\qt_projects\qtpropertybrowser\examples\simple\debug\simple.tlog\link.command.1.tlog
d:\projects\qt_projects\qtpropertybrowser\examples\simple\debug\simple.tlog\link.read.1.tlog
d:\projects\qt_projects\qtpropertybrowser\examples\simple\debug\simple.tlog\link.write.1.tlog
d:\projects\qt_projects\qtpropertybrowser\examples\simple\debug\simple.tlog\moc.read.1u.tlog
d:\projects\qt_projects\qtpropertybrowser\examples\simple\debug\simple.tlog\moc.write.1u.tlog
d:\projects\qt_projects\qtpropertybrowser\examples\simple\debug\simple.tlog\rcc.read.1u.tlog
d:\projects\qt_projects\qtpropertybrowser\examples\simple\debug\simple.tlog\rcc.write.1u.tlog
d:\projects\qt_projects\qtpropertybrowser\examples\simple\debug\simple.tlog\simple.write.1u.tlog
