d:\projects\qt_projects\qtpropertybrowser\examples\demo\debug\qtpropertybrowserutils.obj
d:\projects\qt_projects\qtpropertybrowser\examples\demo\debug\qtpropertybrowser.obj
d:\projects\qt_projects\qtpropertybrowser\examples\demo\debug\qtbuttonpropertybrowser.obj
d:\projects\qt_projects\qtpropertybrowser\examples\demo\debug\qtgroupboxpropertybrowser.obj
d:\projects\qt_projects\qtpropertybrowser\examples\demo\debug\qtvariantproperty.obj
d:\projects\qt_projects\qtpropertybrowser\examples\demo\debug\qrc_demo.obj
d:\projects\qt_projects\qtpropertybrowser\examples\demo\debug\qrc_qtpropertybrowser.obj
d:\projects\qt_projects\qtpropertybrowser\examples\demo\debug\vc120.pdb
d:\projects\qt_projects\qtpropertybrowser\examples\demo\debug\moc_qtpropertybrowserutils_p.obj
d:\projects\qt_projects\qtpropertybrowser\examples\demo\debug\qtpropertymanager.obj
d:\projects\qt_projects\qtpropertybrowser\examples\demo\debug\qttreepropertybrowser.obj
d:\projects\qt_projects\qtpropertybrowser\examples\demo\debug\qteditorfactory.obj
d:\projects\qt_projects\qtpropertybrowser\examples\demo\debug\main.obj
d:\projects\qt_projects\qtpropertybrowser\examples\demo\debug\qrc_demo.cpp
d:\projects\qt_projects\qtpropertybrowser\examples\demo\debug\qrc_qtpropertybrowser.cpp
d:\projects\qt_projects\qtpropertybrowser\examples\demo\debug\moc_qtbuttonpropertybrowser.cpp
d:\projects\qt_projects\qtpropertybrowser\examples\demo\debug\moc_qteditorfactory.cpp
d:\projects\qt_projects\qtpropertybrowser\examples\demo\debug\moc_qtgroupboxpropertybrowser.cpp
d:\projects\qt_projects\qtpropertybrowser\examples\demo\debug\moc_qtpropertybrowser.cpp
d:\projects\qt_projects\qtpropertybrowser\examples\demo\debug\moc_qtpropertybrowserutils_p.cpp
d:\projects\qt_projects\qtpropertybrowser\examples\demo\debug\moc_qtpropertymanager.cpp
d:\projects\qt_projects\qtpropertybrowser\examples\demo\debug\moc_qttreepropertybrowser.cpp
d:\projects\qt_projects\qtpropertybrowser\examples\demo\debug\moc_qtvariantproperty.cpp
d:\projects\qt_projects\qtpropertybrowser\examples\demo\debug\qteditorfactory.moc
d:\projects\qt_projects\qtpropertybrowser\examples\demo\debug\qtpropertymanager.moc
d:\projects\qt_projects\qtpropertybrowser\examples\demo\debug\qttreepropertybrowser.moc
d:\projects\qt_projects\qtpropertybrowser\examples\demo\debug\demo.ilk
d:\projects\qt_projects\qtpropertybrowser\examples\demo\debug\demo.exe
d:\projects\qt_projects\qtpropertybrowser\examples\demo\debug\demo.pdb
d:\projects\qt_projects\qtpropertybrowser\examples\demo\debug\demo.tlog\cl.command.1.tlog
d:\projects\qt_projects\qtpropertybrowser\examples\demo\debug\demo.tlog\cl.read.1.tlog
d:\projects\qt_projects\qtpropertybrowser\examples\demo\debug\demo.tlog\cl.write.1.tlog
d:\projects\qt_projects\qtpropertybrowser\examples\demo\debug\demo.tlog\demo.write.1u.tlog
d:\projects\qt_projects\qtpropertybrowser\examples\demo\debug\demo.tlog\link.command.1.tlog
d:\projects\qt_projects\qtpropertybrowser\examples\demo\debug\demo.tlog\link.read.1.tlog
d:\projects\qt_projects\qtpropertybrowser\examples\demo\debug\demo.tlog\link.write.1.tlog
d:\projects\qt_projects\qtpropertybrowser\examples\demo\debug\demo.tlog\moc.read.1u.tlog
d:\projects\qt_projects\qtpropertybrowser\examples\demo\debug\demo.tlog\moc.write.1u.tlog
d:\projects\qt_projects\qtpropertybrowser\examples\demo\debug\demo.tlog\rcc.read.1u.tlog
d:\projects\qt_projects\qtpropertybrowser\examples\demo\debug\demo.tlog\rcc.write.1u.tlog
